[[-10]
 [ -4]
 [  3]
 [  2]]
-----
[[0]
 [0]
 [0]
 [0]]
[[0]
 [0]
 [0]
 [0]] 0
Execution time: 0:00:00.000392
-----
[[1]
 [0]
 [0]
 [0]]
[[0]
 [0]
 [1]
 [0]] 3
Execution time: 0:00:00.000861
-----
[[1]
 [1]
 [0]
 [0]]
[[0]
 [0]
 [1]
 [0]] 3
Execution time: 0:00:00.001329
-----
[[1]
 [1]
 [1]
 [0]]
[[0]
 [0]
 [1]
 [0]] 3
Execution time: 0:00:00.001693
-----
[[1]
 [1]
 [1]
 [1]]
[[0]
 [0]
 [1]
 [0]] 3
Execution time: 0:00:00.001983
-----
[[1]
 [1]
 [1]
 [1]]
[[0]
 [0]
 [1]
 [0]] 3
Execution time: 0:00:00.002270
-----
[[1]
 [1]
 [1]
 [1]]
[[0]
 [0]
 [1]
 [0]] 3
Execution time: 0:00:00.002554
-----
[[1]
 [1]
 [1]
 [1]]
[[0]
 [0]
 [1]
 [0]] 3
Execution time: 0:00:00.002840
-----
[[1]
 [1]
 [1]
 [1]]
[[0]
 [0]
 [1]
 [0]] 3
Execution time: 0:00:00.003122
-----
[[1]
 [1]
 [1]
 [1]]
[[0]
 [0]
 [1]
 [0]] 3
Execution time: 0:00:00.003405
-----
[[1]
 [1]
 [1]
 [1]]
[[0]
 [0]
 [1]
 [0]] 3
Execution time: 0:00:00.003699
-----
[[1]
 [1]
 [1]
 [1]]
[[0]
 [0]
 [1]
 [0]] 3
Execution time: 0:00:00.003983
-----
[[1]
 [1]
 [1]
 [1]]
[[0]
 [0]
 [1]
 [0]] 3
Execution time: 0:00:00.004264
-----
[[1]
 [1]
 [1]
 [1]]
[[0]
 [0]
 [1]
 [0]] 3
Execution time: 0:00:00.004545
-----
[[1]
 [1]
 [1]
 [1]]
[[0]
 [0]
 [1]
 [0]] 3
Execution time: 0:00:00.004828
-----
[[1]
 [1]
 [1]
 [1]]
[[0]
 [0]
 [1]
 [0]] 3
Execution time: 0:00:00.005112
-----
[[1]
 [1]
 [1]
 [1]]
[[0]
 [0]
 [1]
 [0]] 3
Execution time: 0:00:00.005396
--------------------
[[0]
 [0]
 [1]
 [0]] 3
Execution time: 0:00:00.005448
