[[-10  -4   3   2   6   9   1   6  -3   0]
 [ -8   5   7   2 -10   7  -1  -1  -3  -7]
 [  7  -3   5   1   5   5  -8  -8   3  -1]
 [  0  -4   0   3   8  -3  -4   7  -8   6]]
-----
[[0 0 0 0 0 0 0 0 0 0]
 [0 0 0 0 0 0 0 0 0 0]
 [0 0 0 0 0 0 0 0 0 0]
 [0 0 0 0 0 0 0 0 0 0]]
[[0 0 0 0 0 0 0 0 0 0]
 [0 0 0 0 0 0 0 0 0 0]
 [0 0 0 0 0 0 0 0 0 0]
 [0 0 0 0 0 0 0 0 0 0]] 0
Execution time: 0:00:00.001713
-----
[[1 0 0 0 0 0 0 0 0 0]
 [0 0 0 0 0 0 0 0 0 0]
 [0 0 0 0 0 0 0 0 0 0]
 [0 0 0 0 0 0 0 0 0 0]]
[[0 0 0 0 0 1 0 0 0 0]
 [0 0 0 0 0 0 0 0 0 0]
 [0 0 0 0 0 0 0 0 0 0]
 [0 0 0 0 0 0 0 0 0 0]] 9
Execution time: 0:00:00.006386
-----
[[1 1 0 0 0 0 0 0 0 0]
 [0 0 0 0 0 0 0 0 0 0]
 [0 0 0 0 0 0 0 0 0 0]
 [0 0 0 0 0 0 0 0 0 0]]
[[0 0 0 0 0 1 0 0 0 0]
 [0 0 0 0 0 0 0 0 0 0]
 [0 0 0 0 0 0 0 0 0 0]
 [0 0 0 0 1 0 0 0 0 0]] 17
Execution time: 0:00:00.055752
-----
[[1 1 1 0 0 0 0 0 0 0]
 [0 0 0 0 0 0 0 0 0 0]
 [0 0 0 0 0 0 0 0 0 0]
 [0 0 0 0 0 0 0 0 0 0]]
[[0 0 0 0 0 1 0 0 0 0]
 [0 0 0 0 0 0 0 0 0 0]
 [0 0 0 0 0 0 0 0 0 0]
 [0 0 0 0 1 0 0 1 0 0]] 24
Execution time: 0:00:00.559957
-----
[[1 1 1 1 0 0 0 0 0 0]
 [0 0 0 0 0 0 0 0 0 0]
 [0 0 0 0 0 0 0 0 0 0]
 [0 0 0 0 0 0 0 0 0 0]]
[[0 0 0 0 0 1 0 0 0 0]
 [0 0 0 0 0 0 0 0 0 0]
 [1 0 0 0 0 0 0 0 0 0]
 [0 0 0 0 1 0 0 1 0 0]] 31
Execution time: 0:00:04.884022
-----
[[1 1 1 1 1 0 0 0 0 0]
 [0 0 0 0 0 0 0 0 0 0]
 [0 0 0 0 0 0 0 0 0 0]
 [0 0 0 0 0 0 0 0 0 0]]
[[0 0 0 0 0 1 0 0 0 0]
 [0 0 1 0 0 0 0 0 0 0]
 [1 0 0 0 0 0 0 0 0 0]
 [0 0 0 0 1 0 0 1 0 0]] 38
Execution time: 0:00:31.989795
-----
[[1 1 1 1 1 1 0 0 0 0]
 [0 0 0 0 0 0 0 0 0 0]
 [0 0 0 0 0 0 0 0 0 0]
 [0 0 0 0 0 0 0 0 0 0]]
[[0 0 0 0 0 1 0 0 0 0]
 [0 0 1 0 0 0 0 0 0 0]
 [1 0 0 0 0 0 0 0 0 0]
 [0 0 0 0 1 0 0 1 0 1]] 44
Execution time: 0:02:44.616362
-----
[[1 1 1 1 1 1 1 0 0 0]
 [0 0 0 0 0 0 0 0 0 0]
 [0 0 0 0 0 0 0 0 0 0]
 [0 0 0 0 0 0 0 0 0 0]]
[[0 0 0 0 0 1 0 1 0 0]
 [0 0 1 0 0 0 0 0 0 0]
 [1 0 0 0 0 0 0 0 0 0]
 [0 0 0 0 1 0 0 1 0 1]] 50
Execution time: 0:12:03.805127
-----
[[1 1 1 1 1 1 1 1 0 0]
 [0 0 0 0 0 0 0 0 0 0]
 [0 0 0 0 0 0 0 0 0 0]
 [0 0 0 0 0 0 0 0 0 0]]
[[0 0 0 0 0 1 0 1 0 0]
 [0 0 1 0 0 0 0 0 0 0]
 [1 0 0 0 0 1 0 0 0 0]
 [0 0 0 0 1 0 0 1 0 1]] 55
Execution time: 0:46:51.385307
-----
[[1 1 1 1 1 1 1 1 1 0]
 [0 0 0 0 0 0 0 0 0 0]
 [0 0 0 0 0 0 0 0 0 0]
 [0 0 0 0 0 0 0 0 0 0]]
[[0 0 0 0 0 1 0 1 0 0]
 [0 0 1 0 0 0 0 0 0 0]
 [1 0 0 0 0 1 0 0 1 0]
 [0 0 0 0 1 0 0 1 0 1]] 58
Execution time: 2:40:57.622280
-----
[[1 1 1 1 1 1 1 1 1 1]
 [0 0 0 0 0 0 0 0 0 0]
 [0 0 0 0 0 0 0 0 0 0]
 [0 0 0 0 0 0 0 0 0 0]]
[[0 0 0 0 0 1 0 1 0 0]
 [0 1 0 0 0 0 0 0 0 0]
 [1 0 1 0 0 1 0 0 1 0]
 [0 0 0 0 1 0 0 1 0 1]] 61
Execution time: 8:08:01.233262
-----
[[1 1 1 1 1 1 1 1 1 1]
 [1 0 0 0 0 0 0 0 0 0]
 [0 0 0 0 0 0 0 0 0 0]
 [0 0 0 0 0 0 0 0 0 0]]
[[0 0 1 0 0 1 0 1 0 0]
 [0 1 0 0 0 0 0 0 0 0]
 [1 0 1 0 0 1 0 0 1 0]
 [0 0 0 0 1 0 0 1 0 1]] 64
Execution time: 21:54:04.939652
-----
[[1 1 1 1 1 1 1 1 1 1]
 [1 1 0 0 0 0 0 0 0 0]
 [0 0 0 0 0 0 0 0 0 0]
 [0 0 0 0 0 0 0 0 0 0]]
[[0 0 1 0 0 1 0 1 0 0]
 [0 1 0 1 0 0 0 0 0 0]
 [1 0 1 0 0 1 0 0 1 0]
 [0 0 0 0 1 0 0 1 0 1]] 66
Execution time: 2 days, 6:17:17.409999
-----
