[[-10  -4]
 [  3   2]
 [  6   9]
 [  1   6]]
-----
[[0 0]
 [0 0]
 [0 0]
 [0 0]]
[[0 0]
 [0 0]
 [0 0]
 [0 0]] 0
Execution time: 0:00:00.000545
-----
[[1 0]
 [0 0]
 [0 0]
 [0 0]]
[[0 0]
 [0 0]
 [0 1]
 [0 0]] 9
Execution time: 0:00:00.001354
-----
[[1 1]
 [0 0]
 [0 0]
 [0 0]]
[[0 0]
 [0 0]
 [1 0]
 [0 1]] 12
Execution time: 0:00:00.002843
-----
[[1 1]
 [1 0]
 [0 0]
 [0 0]]
[[0 0]
 [0 1]
 [1 0]
 [0 1]] 14
Execution time: 0:00:00.004671
-----
[[1 1]
 [1 1]
 [0 0]
 [0 0]]
[[0 0]
 [0 1]
 [1 0]
 [0 1]] 14
Execution time: 0:00:00.006423
-----
[[1 1]
 [1 1]
 [1 0]
 [0 0]]
[[0 0]
 [0 1]
 [1 0]
 [0 1]] 14
Execution time: 0:00:00.007825
-----
[[1 1]
 [1 1]
 [1 1]
 [0 0]]
[[0 0]
 [0 1]
 [1 0]
 [0 1]] 14
Execution time: 0:00:00.008744
-----
[[1 1]
 [1 1]
 [1 1]
 [1 0]]
[[0 0]
 [0 1]
 [1 0]
 [0 1]] 14
Execution time: 0:00:00.009314
-----
[[1 1]
 [1 1]
 [1 1]
 [1 1]]
[[0 0]
 [0 1]
 [1 0]
 [0 1]] 14
Execution time: 0:00:00.009746
-----
[[1 1]
 [1 1]
 [1 1]
 [1 1]]
[[0 0]
 [0 1]
 [1 0]
 [0 1]] 14
Execution time: 0:00:00.010178
-----
[[1 1]
 [1 1]
 [1 1]
 [1 1]]
[[0 0]
 [0 1]
 [1 0]
 [0 1]] 14
Execution time: 0:00:00.010607
-----
[[1 1]
 [1 1]
 [1 1]
 [1 1]]
[[0 0]
 [0 1]
 [1 0]
 [0 1]] 14
Execution time: 0:00:00.011037
-----
[[1 1]
 [1 1]
 [1 1]
 [1 1]]
[[0 0]
 [0 1]
 [1 0]
 [0 1]] 14
Execution time: 0:00:00.011474
-----
[[1 1]
 [1 1]
 [1 1]
 [1 1]]
[[0 0]
 [0 1]
 [1 0]
 [0 1]] 14
Execution time: 0:00:00.011899
-----
[[1 1]
 [1 1]
 [1 1]
 [1 1]]
[[0 0]
 [0 1]
 [1 0]
 [0 1]] 14
Execution time: 0:00:00.012329
-----
[[1 1]
 [1 1]
 [1 1]
 [1 1]]
[[0 0]
 [0 1]
 [1 0]
 [0 1]] 14
Execution time: 0:00:00.012753
-----
[[1 1]
 [1 1]
 [1 1]
 [1 1]]
[[0 0]
 [0 1]
 [1 0]
 [0 1]] 14
Execution time: 0:00:00.013183
--------------------
[[0 0]
 [0 1]
 [1 0]
 [0 1]] 14
Execution time: 0:00:00.013244
