[[-10  -4   3]
 [  2   6   9]
 [  1   6  -3]
 [  0  -8   5]]
-----
[[0 0 0]
 [0 0 0]
 [0 0 0]
 [0 0 0]]
[[0 0 0]
 [0 0 0]
 [0 0 0]
 [0 0 0]] 0
Execution time: 0:00:00.000685
-----
[[1 0 0]
 [0 0 0]
 [0 0 0]
 [0 0 0]]
[[0 0 0]
 [0 0 1]
 [0 0 0]
 [0 0 0]] 9
Execution time: 0:00:00.001929
-----
[[1 1 0]
 [0 0 0]
 [0 0 0]
 [0 0 0]]
[[0 0 0]
 [0 0 1]
 [0 1 0]
 [0 0 0]] 15
Execution time: 0:00:00.005271
-----
[[1 1 1]
 [0 0 0]
 [0 0 0]
 [0 0 0]]
[[0 0 0]
 [0 0 1]
 [0 1 0]
 [0 0 1]] 20
Execution time: 0:00:00.012915
-----
[[1 1 1]
 [1 0 0]
 [0 0 0]
 [0 0 0]]
[[0 0 0]
 [1 0 1]
 [0 1 0]
 [0 0 1]] 22
Execution time: 0:00:00.025517
-----
[[1 1 1]
 [1 1 0]
 [0 0 0]
 [0 0 0]]
[[0 0 0]
 [1 0 1]
 [0 1 0]
 [0 0 1]] 22
Execution time: 0:00:00.037832
-----
[[1 1 1]
 [1 1 1]
 [0 0 0]
 [0 0 0]]
[[0 0 0]
 [1 0 1]
 [0 1 0]
 [0 0 1]] 22
Execution time: 0:00:00.051146
-----
[[1 1 1]
 [1 1 1]
 [1 0 0]
 [0 0 0]]
[[0 0 0]
 [1 0 1]
 [0 1 0]
 [0 0 1]] 22
Execution time: 0:00:00.062422
-----
[[1 1 1]
 [1 1 1]
 [1 1 0]
 [0 0 0]]
[[0 0 0]
 [1 0 1]
 [0 1 0]
 [0 0 1]] 22
Execution time: 0:00:00.069386
-----
[[1 1 1]
 [1 1 1]
 [1 1 1]
 [0 0 0]]
[[0 0 0]
 [1 0 1]
 [0 1 0]
 [0 0 1]] 22
Execution time: 0:00:00.072710
-----
[[1 1 1]
 [1 1 1]
 [1 1 1]
 [1 0 0]]
[[0 0 0]
 [1 0 1]
 [0 1 0]
 [0 0 1]] 22
Execution time: 0:00:00.074003
-----
[[1 1 1]
 [1 1 1]
 [1 1 1]
 [1 1 0]]
[[0 0 0]
 [1 0 1]
 [0 1 0]
 [0 0 1]] 22
Execution time: 0:00:00.074561
-----
[[1 1 1]
 [1 1 1]
 [1 1 1]
 [1 1 1]]
[[0 0 0]
 [1 0 1]
 [0 1 0]
 [0 0 1]] 22
Execution time: 0:00:00.074968
-----
[[1 1 1]
 [1 1 1]
 [1 1 1]
 [1 1 1]]
[[0 0 0]
 [1 0 1]
 [0 1 0]
 [0 0 1]] 22
Execution time: 0:00:00.075368
-----
[[1 1 1]
 [1 1 1]
 [1 1 1]
 [1 1 1]]
[[0 0 0]
 [1 0 1]
 [0 1 0]
 [0 0 1]] 22
Execution time: 0:00:00.075777
-----
[[1 1 1]
 [1 1 1]
 [1 1 1]
 [1 1 1]]
[[0 0 0]
 [1 0 1]
 [0 1 0]
 [0 0 1]] 22
Execution time: 0:00:00.076179
-----
[[1 1 1]
 [1 1 1]
 [1 1 1]
 [1 1 1]]
[[0 0 0]
 [1 0 1]
 [0 1 0]
 [0 0 1]] 22
Execution time: 0:00:00.076581
--------------------
[[0 0 0]
 [1 0 1]
 [0 1 0]
 [0 0 1]] 22
Execution time: 0:00:00.076630
