[[-10  -4   3   2]
 [  6   9   1   6]
 [ -3   0  -8   5]
 [  7   2 -10   7]]
-----
[[0 0 0 0]
 [0 0 0 0]
 [0 0 0 0]
 [0 0 0 0]]
[[0 0 0 0]
 [0 0 0 0]
 [0 0 0 0]
 [0 0 0 0]] 0
Execution time: 0:00:00.000824
-----
[[1 0 0 0]
 [0 0 0 0]
 [0 0 0 0]
 [0 0 0 0]]
[[0 0 0 0]
 [0 1 0 0]
 [0 0 0 0]
 [0 0 0 0]] 9
Execution time: 0:00:00.002466
-----
[[1 1 0 0]
 [0 0 0 0]
 [0 0 0 0]
 [0 0 0 0]]
[[0 0 0 0]
 [0 1 0 0]
 [0 0 0 0]
 [0 0 0 1]] 16
Execution time: 0:00:00.009030
-----
[[1 1 1 0]
 [0 0 0 0]
 [0 0 0 0]
 [0 0 0 0]]
[[0 0 0 0]
 [0 1 0 0]
 [0 0 0 0]
 [1 0 0 1]] 23
Execution time: 0:00:00.033434
-----
[[1 1 1 1]
 [0 0 0 0]
 [0 0 0 0]
 [0 0 0 0]]
[[0 0 0 0]
 [0 1 0 1]
 [0 0 0 0]
 [1 0 0 1]] 29
Execution time: 0:00:00.072883
-----
[[1 1 1 1]
 [1 0 0 0]
 [0 0 0 0]
 [0 0 0 0]]
[[0 0 1 0]
 [0 1 0 1]
 [0 0 0 0]
 [1 0 0 1]] 32
Execution time: 0:00:00.147646
-----
[[1 1 1 1]
 [1 1 0 0]
 [0 0 0 0]
 [0 0 0 0]]
[[0 0 1 0]
 [0 1 0 1]
 [0 0 0 0]
 [1 0 0 1]] 32
Execution time: 0:00:00.266511
-----
[[1 1 1 1]
 [1 1 1 0]
 [0 0 0 0]
 [0 0 0 0]]
[[0 0 1 0]
 [0 1 0 1]
 [0 0 0 0]
 [1 0 0 1]] 32
Execution time: 0:00:00.447303
-----
[[1 1 1 1]
 [1 1 1 1]
 [0 0 0 0]
 [0 0 0 0]]
[[0 0 1 0]
 [0 1 0 1]
 [0 0 0 0]
 [1 0 0 1]] 32
Execution time: 0:00:00.623506
-----
[[1 1 1 1]
 [1 1 1 1]
 [1 0 0 0]
 [0 0 0 0]]
[[0 0 1 0]
 [0 1 0 1]
 [0 0 0 0]
 [1 0 0 1]] 32
Execution time: 0:00:00.777533
-----
[[1 1 1 1]
 [1 1 1 1]
 [1 1 0 0]
 [0 0 0 0]]
[[0 0 1 0]
 [0 1 0 1]
 [0 0 0 0]
 [1 0 0 1]] 32
Execution time: 0:00:00.888236
-----
[[1 1 1 1]
 [1 1 1 1]
 [1 1 1 0]
 [0 0 0 0]]
[[0 0 1 0]
 [0 1 0 1]
 [0 0 0 0]
 [1 0 0 1]] 32
Execution time: 0:00:00.949020
-----
[[1 1 1 1]
 [1 1 1 1]
 [1 1 1 1]
 [0 0 0 0]]
[[0 0 1 0]
 [0 1 0 1]
 [0 0 0 0]
 [1 0 0 1]] 32
Execution time: 0:00:00.974750
-----
[[1 1 1 1]
 [1 1 1 1]
 [1 1 1 1]
 [1 0 0 0]]
[[0 0 1 0]
 [0 1 0 1]
 [0 0 0 0]
 [1 0 0 1]] 32
Execution time: 0:00:00.982666
-----
[[1 1 1 1]
 [1 1 1 1]
 [1 1 1 1]
 [1 1 0 0]]
[[0 0 1 0]
 [0 1 0 1]
 [0 0 0 0]
 [1 0 0 1]] 32
Execution time: 0:00:00.984737
-----
[[1 1 1 1]
 [1 1 1 1]
 [1 1 1 1]
 [1 1 1 0]]
[[0 0 1 0]
 [0 1 0 1]
 [0 0 0 0]
 [1 0 0 1]] 32
Execution time: 0:00:00.985437
-----
[[1 1 1 1]
 [1 1 1 1]
 [1 1 1 1]
 [1 1 1 1]]
[[0 0 1 0]
 [0 1 0 1]
 [0 0 0 0]
 [1 0 0 1]] 32
Execution time: 0:00:00.985932
--------------------
[[0 0 1 0]
 [0 1 0 1]
 [0 0 0 0]
 [1 0 0 1]] 32
Execution time: 0:00:00.985986
