[[-10  -4   3   2   6]
 [  9   1   6  -3   0]
 [ -8   5   7   2 -10]
 [  7  -1  -1  -3  -7]]
-----
[[0 0 0 0 0]
 [0 0 0 0 0]
 [0 0 0 0 0]
 [0 0 0 0 0]]
[[0 0 0 0 0]
 [0 0 0 0 0]
 [0 0 0 0 0]
 [0 0 0 0 0]] 0
Execution time: 0:00:00.000960
-----
[[1 0 0 0 0]
 [0 0 0 0 0]
 [0 0 0 0 0]
 [0 0 0 0 0]]
[[0 0 0 0 0]
 [1 0 0 0 0]
 [0 0 0 0 0]
 [0 0 0 0 0]] 9
Execution time: 0:00:00.003018
-----
[[1 1 0 0 0]
 [0 0 0 0 0]
 [0 0 0 0 0]
 [0 0 0 0 0]]
[[0 0 0 0 0]
 [1 0 0 0 0]
 [0 0 0 0 0]
 [1 0 0 0 0]] 16
Execution time: 0:00:00.013740
-----
[[1 1 1 0 0]
 [0 0 0 0 0]
 [0 0 0 0 0]
 [0 0 0 0 0]]
[[0 0 0 0 0]
 [1 0 0 0 0]
 [0 0 1 0 0]
 [1 0 0 0 0]] 23
Execution time: 0:00:00.053497
-----
[[1 1 1 1 0]
 [0 0 0 0 0]
 [0 0 0 0 0]
 [0 0 0 0 0]]
[[0 0 0 0 1]
 [1 0 0 0 0]
 [0 0 1 0 0]
 [1 0 0 0 0]] 29
Execution time: 0:00:00.172770
-----
[[1 1 1 1 1]
 [0 0 0 0 0]
 [0 0 0 0 0]
 [0 0 0 0 0]]
[[0 0 0 0 1]
 [1 0 1 0 0]
 [0 1 0 0 0]
 [1 0 0 0 0]] 33
Execution time: 0:00:00.481012
-----
[[1 1 1 1 1]
 [1 0 0 0 0]
 [0 0 0 0 0]
 [0 0 0 0 0]]
[[0 0 0 0 1]
 [1 0 1 0 0]
 [0 1 0 1 0]
 [1 0 0 0 0]] 35
Execution time: 0:00:01.139335
-----
[[1 1 1 1 1]
 [1 1 0 0 0]
 [0 0 0 0 0]
 [0 0 0 0 0]]
[[0 0 0 0 1]
 [1 0 1 0 0]
 [0 1 0 1 0]
 [1 0 0 0 0]] 35
Execution time: 0:00:02.325243
-----
[[1 1 1 1 1]
 [1 1 1 0 0]
 [0 0 0 0 0]
 [0 0 0 0 0]]
[[0 0 0 0 1]
 [1 0 1 0 0]
 [0 1 0 1 0]
 [1 0 0 0 0]] 35
Execution time: 0:00:04.167352
-----
[[1 1 1 1 1]
 [1 1 1 1 0]
 [0 0 0 0 0]
 [0 0 0 0 0]]
[[0 0 0 0 1]
 [1 0 1 0 0]
 [0 1 0 1 0]
 [1 0 0 0 0]] 35
Execution time: 0:00:06.584117
-----
[[1 1 1 1 1]
 [1 1 1 1 1]
 [0 0 0 0 0]
 [0 0 0 0 0]]
[[0 0 0 0 1]
 [1 0 1 0 0]
 [0 1 0 1 0]
 [1 0 0 0 0]] 35
Execution time: 0:00:09.287334
-----
[[1 1 1 1 1]
 [1 1 1 1 1]
 [1 0 0 0 0]
 [0 0 0 0 0]]
[[0 0 0 0 1]
 [1 0 1 0 0]
 [0 1 0 1 0]
 [1 0 0 0 0]] 35
Execution time: 0:00:11.715392
-----
[[1 1 1 1 1]
 [1 1 1 1 1]
 [1 1 0 0 0]
 [0 0 0 0 0]]
[[0 0 0 0 1]
 [1 0 1 0 0]
 [0 1 0 1 0]
 [1 0 0 0 0]] 35
Execution time: 0:00:13.471587
-----
[[1 1 1 1 1]
 [1 1 1 1 1]
 [1 1 1 0 0]
 [0 0 0 0 0]]
[[0 0 0 0 1]
 [1 0 1 0 0]
 [0 1 0 1 0]
 [1 0 0 0 0]] 35
Execution time: 0:00:14.521725
-----
[[1 1 1 1 1]
 [1 1 1 1 1]
 [1 1 1 1 0]
 [0 0 0 0 0]]
[[0 0 0 0 1]
 [1 0 1 0 0]
 [0 1 0 1 0]
 [1 0 0 0 0]] 35
Execution time: 0:00:15.046166
-----
[[1 1 1 1 1]
 [1 1 1 1 1]
 [1 1 1 1 1]
 [0 0 0 0 0]]
[[0 0 0 0 1]
 [1 0 1 0 0]
 [0 1 0 1 0]
 [1 0 0 0 0]] 35
Execution time: 0:00:15.256976
-----
[[1 1 1 1 1]
 [1 1 1 1 1]
 [1 1 1 1 1]
 [1 0 0 0 0]]
[[0 0 0 0 1]
 [1 0 1 0 0]
 [0 1 0 1 0]
 [1 0 0 0 0]] 35
Execution time: 0:00:15.324050
--------------------
[[0 0 0 0 1]
 [1 0 1 0 0]
 [0 1 0 1 0]
 [1 0 0 0 0]] 35
Execution time: 0:00:15.324110
