[[-10  -4   3   2   6   9]
 [  1   6  -3   0  -8   5]
 [  7   2 -10   7  -1  -1]
 [ -3  -7   7  -3   5   1]]
-----
[[0 0 0 0 0 0]
 [0 0 0 0 0 0]
 [0 0 0 0 0 0]
 [0 0 0 0 0 0]]
[[0 0 0 0 0 0]
 [0 0 0 0 0 0]
 [0 0 0 0 0 0]
 [0 0 0 0 0 0]] 0
Execution time: 0:00:00.001102
-----
[[1 0 0 0 0 0]
 [0 0 0 0 0 0]
 [0 0 0 0 0 0]
 [0 0 0 0 0 0]]
[[0 0 0 0 0 1]
 [0 0 0 0 0 0]
 [0 0 0 0 0 0]
 [0 0 0 0 0 0]] 9
Execution time: 0:00:00.003584
-----
[[1 1 0 0 0 0]
 [0 0 0 0 0 0]
 [0 0 0 0 0 0]
 [0 0 0 0 0 0]]
[[0 0 0 0 0 1]
 [0 0 0 0 0 0]
 [0 0 0 0 0 0]
 [0 0 1 0 0 0]] 16
Execution time: 0:00:00.020665
-----
[[1 1 1 0 0 0]
 [0 0 0 0 0 0]
 [0 0 0 0 0 0]
 [0 0 0 0 0 0]]
[[0 0 0 0 0 1]
 [0 0 0 0 0 0]
 [0 0 0 1 0 0]
 [0 0 1 0 0 0]] 23
Execution time: 0:00:00.095124
-----
[[1 1 1 1 0 0]
 [0 0 0 0 0 0]
 [0 0 0 0 0 0]
 [0 0 0 0 0 0]]
[[0 0 0 0 0 1]
 [0 0 0 0 0 0]
 [1 0 0 1 0 0]
 [0 0 1 0 0 0]] 30
Execution time: 0:00:00.431310
-----
[[1 1 1 1 1 0]
 [0 0 0 0 0 0]
 [0 0 0 0 0 0]
 [0 0 0 0 0 0]]
[[0 0 0 0 0 1]
 [0 1 0 0 0 0]
 [1 0 0 1 0 0]
 [0 0 1 0 0 0]] 36
Execution time: 0:00:01.432121
-----
[[1 1 1 1 1 1]
 [0 0 0 0 0 0]
 [0 0 0 0 0 0]
 [0 0 0 0 0 0]]
[[0 0 0 0 0 1]
 [0 1 0 0 0 0]
 [1 0 0 1 0 0]
 [0 0 1 0 1 0]] 41
Execution time: 0:00:04.134893
-----
[[1 1 1 1 1 1]
 [1 0 0 0 0 0]
 [0 0 0 0 0 0]
 [0 0 0 0 0 0]]
[[0 0 1 0 0 1]
 [0 1 0 0 0 0]
 [1 0 0 1 0 0]
 [0 0 1 0 1 0]] 44
Execution time: 0:00:10.217013
-----
[[1 1 1 1 1 1]
 [1 1 0 0 0 0]
 [0 0 0 0 0 0]
 [0 0 0 0 0 0]]
[[0 0 1 0 1 0]
 [0 1 0 0 0 1]
 [1 0 0 1 0 0]
 [0 0 1 0 1 0]] 46
Execution time: 0:00:22.380695
-----
[[1 1 1 1 1 1]
 [1 1 1 0 0 0]
 [0 0 0 0 0 0]
 [0 0 0 0 0 0]]
[[0 0 1 0 1 0]
 [0 1 0 0 0 1]
 [1 0 0 1 0 0]
 [0 0 1 0 1 0]] 46
Execution time: 0:00:43.121700
-----
[[1 1 1 1 1 1]
 [1 1 1 1 0 0]
 [0 0 0 0 0 0]
 [0 0 0 0 0 0]]
[[0 0 1 0 1 0]
 [0 1 0 0 0 1]
 [1 0 0 1 0 0]
 [0 0 1 0 1 0]] 46
Execution time: 0:01:13.618577
-----
[[1 1 1 1 1 1]
 [1 1 1 1 1 0]
 [0 0 0 0 0 0]
 [0 0 0 0 0 0]]
[[0 0 1 0 1 0]
 [0 1 0 0 0 1]
 [1 0 0 1 0 0]
 [0 0 1 0 1 0]] 46
Execution time: 0:01:51.765095
-----
[[1 1 1 1 1 1]
 [1 1 1 1 1 1]
 [0 0 0 0 0 0]
 [0 0 0 0 0 0]]
[[0 0 1 0 1 0]
 [0 1 0 0 0 1]
 [1 0 0 1 0 0]
 [0 0 1 0 1 0]] 46
Execution time: 0:02:32.314183
-----
[[1 1 1 1 1 1]
 [1 1 1 1 1 1]
 [1 0 0 0 0 0]
 [0 0 0 0 0 0]]
[[0 0 1 0 1 0]
 [0 1 0 0 0 1]
 [1 0 0 1 0 0]
 [0 0 1 0 1 0]] 46
Execution time: 0:03:09.519478
-----
[[1 1 1 1 1 1]
 [1 1 1 1 1 1]
 [1 1 0 0 0 0]
 [0 0 0 0 0 0]]
[[0 0 1 0 1 0]
 [0 1 0 0 0 1]
 [1 0 0 1 0 0]
 [0 0 1 0 1 0]] 46
Execution time: 0:03:38.848655
-----
[[1 1 1 1 1 1]
 [1 1 1 1 1 1]
 [1 1 1 0 0 0]
 [0 0 0 0 0 0]]
[[0 0 1 0 1 0]
 [0 1 0 0 0 1]
 [1 0 0 1 0 0]
 [0 0 1 0 1 0]] 46
Execution time: 0:03:58.272892
-----
[[1 1 1 1 1 1]
 [1 1 1 1 1 1]
 [1 1 1 1 0 0]
 [0 0 0 0 0 0]]
[[0 0 1 0 1 0]
 [0 1 0 0 0 1]
 [1 0 0 1 0 0]
 [0 0 1 0 1 0]] 46
Execution time: 0:04:09.159333
--------------------
[[0 0 1 0 1 0]
 [0 1 0 0 0 1]
 [1 0 0 1 0 0]
 [0 0 1 0 1 0]] 46
Execution time: 0:04:09.159400
