[[-10  -4   3   2   6   9   1]
 [  6  -3   0  -8   5   7   2]
 [-10   7  -1  -1  -3  -7   7]
 [ -3   5   1   5   5  -8  -8]]
-----
[[0 0 0 0 0 0 0]
 [0 0 0 0 0 0 0]
 [0 0 0 0 0 0 0]
 [0 0 0 0 0 0 0]]
[[0 0 0 0 0 0 0]
 [0 0 0 0 0 0 0]
 [0 0 0 0 0 0 0]
 [0 0 0 0 0 0 0]] 0
Execution time: 0:00:00.001227
-----
[[1 0 0 0 0 0 0]
 [0 0 0 0 0 0 0]
 [0 0 0 0 0 0 0]
 [0 0 0 0 0 0 0]]
[[0 0 0 0 0 1 0]
 [0 0 0 0 0 0 0]
 [0 0 0 0 0 0 0]
 [0 0 0 0 0 0 0]] 9
Execution time: 0:00:00.004190
-----
[[1 1 0 0 0 0 0]
 [0 0 0 0 0 0 0]
 [0 0 0 0 0 0 0]
 [0 0 0 0 0 0 0]]
[[0 0 0 0 0 1 0]
 [0 0 0 0 0 0 0]
 [0 0 0 0 0 0 1]
 [0 0 0 0 0 0 0]] 16
Execution time: 0:00:00.027503
-----
[[1 1 1 0 0 0 0]
 [0 0 0 0 0 0 0]
 [0 0 0 0 0 0 0]
 [0 0 0 0 0 0 0]]
[[0 0 0 0 0 1 0]
 [0 0 0 0 0 0 0]
 [0 1 0 0 0 0 1]
 [0 0 0 0 0 0 0]] 23
Execution time: 0:00:00.162877
-----
[[1 1 1 1 0 0 0]
 [0 0 0 0 0 0 0]
 [0 0 0 0 0 0 0]
 [0 0 0 0 0 0 0]]
[[0 0 0 0 0 1 0]
 [1 0 0 0 0 0 0]
 [0 1 0 0 0 0 1]
 [0 0 0 0 0 0 0]] 29
Execution time: 0:00:00.901060
-----
[[1 1 1 1 1 0 0]
 [0 0 0 0 0 0 0]
 [0 0 0 0 0 0 0]
 [0 0 0 0 0 0 0]]
[[0 0 0 0 0 1 0]
 [1 0 0 0 0 0 0]
 [0 1 0 0 0 0 1]
 [0 0 0 0 1 0 0]] 34
Execution time: 0:00:03.678166
-----
[[1 1 1 1 1 1 0]
 [0 0 0 0 0 0 0]
 [0 0 0 0 0 0 0]
 [0 0 0 0 0 0 0]]
[[0 0 0 0 0 1 0]
 [1 0 0 0 1 0 0]
 [0 1 0 0 0 0 1]
 [0 0 0 0 1 0 0]] 39
Execution time: 0:00:12.631593
-----
[[1 1 1 1 1 1 1]
 [0 0 0 0 0 0 0]
 [0 0 0 0 0 0 0]
 [0 0 0 0 0 0 0]]
[[0 0 1 0 0 1 0]
 [1 0 0 0 1 0 0]
 [0 1 0 0 0 0 1]
 [0 0 0 0 1 0 0]] 42
Execution time: 0:00:36.836400
-----
[[1 1 1 1 1 1 1]
 [1 0 0 0 0 0 0]
 [0 0 0 0 0 0 0]
 [0 0 0 0 0 0 0]]
[[0 0 1 0 0 1 0]
 [1 0 0 0 1 0 0]
 [0 1 0 0 0 0 1]
 [0 0 1 0 1 0 0]] 43
Execution time: 0:01:35.982792
-----
[[1 1 1 1 1 1 1]
 [1 1 0 0 0 0 0]
 [0 0 0 0 0 0 0]
 [0 0 0 0 0 0 0]]
[[0 0 1 0 0 1 0]
 [1 0 0 0 1 0 0]
 [0 1 0 0 0 0 1]
 [0 0 1 0 1 0 0]] 43
Execution time: 0:03:39.154002
-----
[[1 1 1 1 1 1 1]
 [1 1 1 0 0 0 0]
 [0 0 0 0 0 0 0]
 [0 0 0 0 0 0 0]]
[[0 0 1 0 0 1 0]
 [1 0 0 0 1 0 0]
 [0 1 0 0 0 0 1]
 [0 0 1 0 1 0 0]] 43
Execution time: 0:07:21.894619
-----
[[1 1 1 1 1 1 1]
 [1 1 1 1 0 0 0]
 [0 0 0 0 0 0 0]
 [0 0 0 0 0 0 0]]
[[0 0 1 0 0 1 0]
 [1 0 0 0 1 0 0]
 [0 1 0 0 0 0 1]
 [0 0 1 0 1 0 0]] 43
Execution time: 0:13:18.571412
-----
[[1 1 1 1 1 1 1]
 [1 1 1 1 1 0 0]
 [0 0 0 0 0 0 0]
 [0 0 0 0 0 0 0]]
[[0 0 1 0 0 1 0]
 [1 0 0 0 1 0 0]
 [0 1 0 0 0 0 1]
 [0 0 1 0 1 0 0]] 43
Execution time: 0:21:32.029100
-----
[[1 1 1 1 1 1 1]
 [1 1 1 1 1 1 0]
 [0 0 0 0 0 0 0]
 [0 0 0 0 0 0 0]]
[[0 0 1 0 0 1 0]
 [1 0 0 0 1 0 0]
 [0 1 0 0 0 0 1]
 [0 0 1 0 1 0 0]] 43
Execution time: 0:31:43.415954
-----
[[1 1 1 1 1 1 1]
 [1 1 1 1 1 1 1]
 [0 0 0 0 0 0 0]
 [0 0 0 0 0 0 0]]
[[0 0 1 0 0 1 0]
 [1 0 0 0 1 0 0]
 [0 1 0 0 0 0 1]
 [0 0 1 0 1 0 0]] 43
Execution time: 0:42:23.549865
-----
[[1 1 1 1 1 1 1]
 [1 1 1 1 1 1 1]
 [1 0 0 0 0 0 0]
 [0 0 0 0 0 0 0]]
[[0 0 1 0 0 1 0]
 [1 0 0 0 1 0 0]
 [0 1 0 0 0 0 1]
 [0 0 1 0 1 0 0]] 43
Execution time: 0:52:10.735991
-----
[[1 1 1 1 1 1 1]
 [1 1 1 1 1 1 1]
 [1 1 0 0 0 0 0]
 [0 0 0 0 0 0 0]]
[[0 0 1 0 0 1 0]
 [1 0 0 0 1 0 0]
 [0 1 0 0 0 0 1]
 [0 0 1 0 1 0 0]] 43
Execution time: 1:00:05.698908
--------------------
[[0 0 1 0 0 1 0]
 [1 0 0 0 1 0 0]
 [0 1 0 0 0 0 1]
 [0 0 1 0 1 0 0]] 43
Execution time: 1:00:05.698978
