[[-10  -4   3   2   6   9   1   6]
 [ -3   0  -8   5   7   2 -10   7]
 [ -1  -1  -3  -7   7  -3   5   1]
 [  5   5  -8  -8   3  -1   0  -4]]
-----
[[0 0 0 0 0 0 0 0]
 [0 0 0 0 0 0 0 0]
 [0 0 0 0 0 0 0 0]
 [0 0 0 0 0 0 0 0]]
[[0 0 0 0 0 0 0 0]
 [0 0 0 0 0 0 0 0]
 [0 0 0 0 0 0 0 0]
 [0 0 0 0 0 0 0 0]] 0
Execution time: 0:00:00.001686
-----
[[1 0 0 0 0 0 0 0]
 [0 0 0 0 0 0 0 0]
 [0 0 0 0 0 0 0 0]
 [0 0 0 0 0 0 0 0]]
[[0 0 0 0 0 1 0 0]
 [0 0 0 0 0 0 0 0]
 [0 0 0 0 0 0 0 0]
 [0 0 0 0 0 0 0 0]] 9
Execution time: 0:00:00.006006
-----
[[1 1 0 0 0 0 0 0]
 [0 0 0 0 0 0 0 0]
 [0 0 0 0 0 0 0 0]
 [0 0 0 0 0 0 0 0]]
[[0 0 0 0 0 1 0 0]
 [0 0 0 0 0 0 0 0]
 [0 0 0 0 1 0 0 0]
 [0 0 0 0 0 0 0 0]] 16
Execution time: 0:00:00.050341
-----
[[1 1 1 0 0 0 0 0]
 [0 0 0 0 0 0 0 0]
 [0 0 0 0 0 0 0 0]
 [0 0 0 0 0 0 0 0]]
[[0 0 0 0 0 1 0 0]
 [0 0 0 0 0 0 0 1]
 [0 0 0 0 1 0 0 0]
 [0 0 0 0 0 0 0 0]] 23
Execution time: 0:00:00.404379
-----
[[1 1 1 1 0 0 0 0]
 [0 0 0 0 0 0 0 0]
 [0 0 0 0 0 0 0 0]
 [0 0 0 0 0 0 0 0]]
[[0 0 0 0 0 1 0 0]
 [0 0 0 0 0 0 0 1]
 [0 0 0 0 1 0 0 0]
 [0 1 0 0 0 0 0 0]] 28
Execution time: 0:00:02.607670
-----
[[1 1 1 1 1 0 0 0]
 [0 0 0 0 0 0 0 0]
 [0 0 0 0 0 0 0 0]
 [0 0 0 0 0 0 0 0]]
[[0 0 0 0 0 1 0 0]
 [0 0 0 0 0 0 0 1]
 [0 0 0 0 1 0 1 0]
 [0 1 0 0 0 0 0 0]] 33
Execution time: 0:00:10.958528
-----
[[1 1 1 1 1 1 0 0]
 [0 0 0 0 0 0 0 0]
 [0 0 0 0 0 0 0 0]
 [0 0 0 0 0 0 0 0]]
[[0 0 0 0 0 1 0 0]
 [0 0 0 1 0 0 0 1]
 [0 0 0 0 1 0 1 0]
 [0 1 0 0 0 0 0 0]] 38
Execution time: 0:00:40.077014
-----
[[1 1 1 1 1 1 1 0]
 [0 0 0 0 0 0 0 0]
 [0 0 0 0 0 0 0 0]
 [0 0 0 0 0 0 0 0]]
[[0 0 1 0 0 1 0 0]
 [0 0 0 1 0 0 0 1]
 [0 0 0 0 1 0 1 0]
 [0 1 0 0 0 0 0 0]] 41
Execution time: 0:02:05.256407
-----
[[1 1 1 1 1 1 1 1]
 [0 0 0 0 0 0 0 0]
 [0 0 0 0 0 0 0 0]
 [0 0 0 0 0 0 0 0]]
[[0 0 1 0 0 1 0 0]
 [0 0 0 1 0 0 0 1]
 [0 0 0 0 1 0 1 0]
 [0 1 0 0 0 0 0 0]] 41
Execution time: 0:06:07.906667
-----
[[1 1 1 1 1 1 1 1]
 [1 0 0 0 0 0 0 0]
 [0 0 0 0 0 0 0 0]
 [0 0 0 0 0 0 0 0]]
[[0 0 1 0 0 1 0 0]
 [0 0 0 1 0 0 0 1]
 [0 0 0 0 1 0 1 0]
 [0 1 0 0 0 0 0 0]] 41
Execution time: 0:16:20.011458
-----
[[1 1 1 1 1 1 1 1]
 [1 1 0 0 0 0 0 0]
 [0 0 0 0 0 0 0 0]
 [0 0 0 0 0 0 0 0]]
[[0 0 1 0 0 1 0 0]
 [0 0 0 1 0 0 0 1]
 [0 0 0 0 1 0 1 0]
 [0 1 0 0 0 0 0 0]] 41
Execution time: 0:39:26.163832
-----
[[1 1 1 1 1 1 1 1]
 [1 1 1 0 0 0 0 0]
 [0 0 0 0 0 0 0 0]
 [0 0 0 0 0 0 0 0]]
[[0 0 1 0 0 1 0 0]
 [0 0 0 1 0 0 0 1]
 [0 0 0 0 1 0 1 0]
 [0 1 0 0 0 0 0 0]] 41
Execution time: 1:25:06.453915
-----
[[1 1 1 1 1 1 1 1]
 [1 1 1 1 0 0 0 0]
 [0 0 0 0 0 0 0 0]
 [0 0 0 0 0 0 0 0]]
[[0 0 1 0 0 1 0 0]
 [0 0 0 1 0 0 0 1]
 [0 0 0 0 1 0 1 0]
 [0 1 0 0 0 0 0 0]] 41
Execution time: 2:33:23.506846
-----
[[1 1 1 1 1 1 1 1]
 [1 1 1 1 1 0 0 0]
 [0 0 0 0 0 0 0 0]
 [0 0 0 0 0 0 0 0]]
[[0 0 1 0 0 1 0 0]
 [0 0 0 1 0 0 0 1]
 [0 0 0 0 1 0 1 0]
 [0 1 0 0 0 0 0 0]] 41
Execution time: 4:13:25.201452
-----
[[1 1 1 1 1 1 1 1]
 [1 1 1 1 1 1 0 0]
 [0 0 0 0 0 0 0 0]
 [0 0 0 0 0 0 0 0]]
[[0 0 1 0 0 1 0 0]
 [0 0 0 1 0 0 0 1]
 [0 0 0 0 1 0 1 0]
 [0 1 0 0 0 0 0 0]] 41
Execution time: 6:26:30.874490
-----
[[1 1 1 1 1 1 1 1]
 [1 1 1 1 1 1 1 0]
 [0 0 0 0 0 0 0 0]
 [0 0 0 0 0 0 0 0]]
[[0 0 1 0 0 1 0 0]
 [0 0 0 1 0 0 0 1]
 [0 0 0 0 1 0 1 0]
 [0 1 0 0 0 0 0 0]] 41
Execution time: 9:10:34.985926
-----
[[1 1 1 1 1 1 1 1]
 [1 1 1 1 1 1 1 1]
 [0 0 0 0 0 0 0 0]
 [0 0 0 0 0 0 0 0]]
[[0 0 1 0 0 1 0 0]
 [0 0 0 1 0 0 0 1]
 [0 0 0 0 1 0 1 0]
 [0 1 0 0 0 0 0 0]] 41
Execution time: 12:04:03.866070
--------------------
[[0 0 1 0 0 1 0 0]
 [0 0 0 1 0 0 0 1]
 [0 0 0 0 1 0 1 0]
 [0 1 0 0 0 0 0 0]] 41
Execution time: 12:04:03.866146
