[[-10  -4   3   2   6   9   1   6  -3]
 [  0  -8   5   7   2 -10   7  -1  -1]
 [ -3  -7   7  -3   5   1   5   5  -8]
 [ -8   3  -1   0  -4   0   3   8  -3]]
-----
[[0 0 0 0 0 0 0 0 0]
 [0 0 0 0 0 0 0 0 0]
 [0 0 0 0 0 0 0 0 0]
 [0 0 0 0 0 0 0 0 0]]
[[0 0 0 0 0 0 0 0 0]
 [0 0 0 0 0 0 0 0 0]
 [0 0 0 0 0 0 0 0 0]
 [0 0 0 0 0 0 0 0 0]] 0
Execution time: 0:00:00.001047
-----
[[1 0 0 0 0 0 0 0 0]
 [0 0 0 0 0 0 0 0 0]
 [0 0 0 0 0 0 0 0 0]
 [0 0 0 0 0 0 0 0 0]]
[[0 0 0 0 0 1 0 0 0]
 [0 0 0 0 0 0 0 0 0]
 [0 0 0 0 0 0 0 0 0]
 [0 0 0 0 0 0 0 0 0]] 9
Execution time: 0:00:00.004039
-----
[[1 1 0 0 0 0 0 0 0]
 [0 0 0 0 0 0 0 0 0]
 [0 0 0 0 0 0 0 0 0]
 [0 0 0 0 0 0 0 0 0]]
[[0 0 0 0 0 1 0 0 0]
 [0 0 0 0 0 0 0 0 0]
 [0 0 0 0 0 0 0 0 0]
 [0 0 0 0 0 0 0 1 0]] 17
Execution time: 0:00:00.038338
-----
[[1 1 1 0 0 0 0 0 0]
 [0 0 0 0 0 0 0 0 0]
 [0 0 0 0 0 0 0 0 0]
 [0 0 0 0 0 0 0 0 0]]
[[0 0 0 0 0 1 0 0 0]
 [0 0 0 0 0 0 0 0 0]
 [0 0 1 0 0 0 0 0 0]
 [0 0 0 0 0 0 0 1 0]] 24
Execution time: 0:00:00.386750
-----
[[1 1 1 1 0 0 0 0 0]
 [0 0 0 0 0 0 0 0 0]
 [0 0 0 0 0 0 0 0 0]
 [0 0 0 0 0 0 0 0 0]]
[[0 0 0 0 0 1 0 0 0]
 [0 0 0 0 0 0 1 0 0]
 [0 0 1 0 0 0 0 0 0]
 [0 0 0 0 0 0 0 1 0]] 31
Execution time: 0:00:02.942371
-----
[[1 1 1 1 1 0 0 0 0]
 [0 0 0 0 0 0 0 0 0]
 [0 0 0 0 0 0 0 0 0]
 [0 0 0 0 0 0 0 0 0]]
[[0 0 0 0 0 1 0 0 0]
 [0 0 0 1 0 0 1 0 0]
 [0 0 1 0 0 0 0 0 0]
 [0 0 0 0 0 0 0 1 0]] 38
Execution time: 0:00:16.698890
-----
[[1 1 1 1 1 1 0 0 0]
 [0 0 0 0 0 0 0 0 0]
 [0 0 0 0 0 0 0 0 0]
 [0 0 0 0 0 0 0 0 0]]
[[0 0 0 0 0 1 0 1 0]
 [0 0 0 1 0 0 1 0 0]
 [0 0 1 0 0 0 0 0 0]
 [0 0 0 0 0 0 0 1 0]] 44
Execution time: 0:01:16.485836
-----
[[1 1 1 1 1 1 1 0 0]
 [0 0 0 0 0 0 0 0 0]
 [0 0 0 0 0 0 0 0 0]
 [0 0 0 0 0 0 0 0 0]]
[[0 0 0 0 0 1 0 1 0]
 [0 0 0 1 0 0 1 0 0]
 [0 0 1 0 1 0 0 0 0]
 [0 0 0 0 0 0 0 1 0]] 49
Execution time: 0:04:57.631642
-----
[[1 1 1 1 1 1 1 1 0]
 [0 0 0 0 0 0 0 0 0]
 [0 0 0 0 0 0 0 0 0]
 [0 0 0 0 0 0 0 0 0]]
[[0 0 0 0 0 1 0 1 0]
 [0 0 0 1 0 0 1 0 0]
 [0 0 1 0 1 0 0 0 0]
 [0 1 0 0 0 0 0 1 0]] 52
Execution time: 0:16:35.545207
-----
[[1 1 1 1 1 1 1 1 1]
 [0 0 0 0 0 0 0 0 0]
 [0 0 0 0 0 0 0 0 0]
 [0 0 0 0 0 0 0 0 0]]
[[0 0 1 0 0 1 0 1 0]
 [0 0 0 1 0 0 1 0 0]
 [0 0 1 0 1 0 0 0 0]
 [0 1 0 0 0 0 0 1 0]] 55
Execution time: 0:49:54.925808
-----
[[1 1 1 1 1 1 1 1 1]
 [1 0 0 0 0 0 0 0 0]
 [0 0 0 0 0 0 0 0 0]
 [0 0 0 0 0 0 0 0 0]]
[[0 0 1 0 0 1 0 1 0]
 [0 0 0 1 0 0 1 0 0]
 [0 0 1 0 1 0 0 0 0]
 [0 1 0 0 0 0 0 1 0]] 55
Execution time: 2:20:18.557501
-----
[[1 1 1 1 1 1 1 1 1]
 [1 1 0 0 0 0 0 0 0]
 [0 0 0 0 0 0 0 0 0]
 [0 0 0 0 0 0 0 0 0]]
[[0 0 1 0 0 1 0 1 0]
 [0 0 0 1 0 0 1 0 0]
 [0 0 1 0 1 0 0 0 0]
 [0 1 0 0 0 0 0 1 0]] 55
Execution time: 5:48:32.077059
-----
[[1 1 1 1 1 1 1 1 1]
 [1 1 1 0 0 0 0 0 0]
 [0 0 0 0 0 0 0 0 0]
 [0 0 0 0 0 0 0 0 0]]
[[0 0 1 0 0 1 0 1 0]
 [0 0 0 1 0 0 1 0 0]
 [0 0 1 0 1 0 0 0 0]
 [0 1 0 0 0 0 0 1 0]] 55
Execution time: 12:30:15.789056
-----
[[1 1 1 1 1 1 1 1 1]
 [1 1 1 1 0 0 0 0 0]
 [0 0 0 0 0 0 0 0 0]
 [0 0 0 0 0 0 0 0 0]]
[[0 0 1 0 0 1 0 1 0]
 [0 0 0 1 0 0 1 0 0]
 [0 0 1 0 1 0 0 0 0]
 [0 1 0 0 0 0 0 1 0]] 55
Execution time: 1 day, 0:31:42.633323
-----
[[1 1 1 1 1 1 1 1 1]
 [1 1 1 1 1 0 0 0 0]
 [0 0 0 0 0 0 0 0 0]
 [0 0 0 0 0 0 0 0 0]]
[[0 0 1 0 0 1 0 1 0]
 [0 0 0 1 0 0 1 0 0]
 [0 0 1 0 1 0 0 0 0]
 [0 1 0 0 0 0 0 1 0]] 55
Execution time: 1 day, 19:49:25.114671
-----
[[1 1 1 1 1 1 1 1 1]
 [1 1 1 1 1 1 0 0 0]
 [0 0 0 0 0 0 0 0 0]
 [0 0 0 0 0 0 0 0 0]]
[[0 0 1 0 0 1 0 1 0]
 [0 0 0 1 0 0 1 0 0]
 [0 0 1 0 1 0 0 0 0]
 [0 1 0 0 0 0 0 1 0]] 55
Execution time: 2 days, 23:58:56.412775
-----
